<?xml version="1.0" encoding="UTF-8"?>
<!-- Generated by org.testng.reporters.JUnitReportReporter -->
<testsuite skipped="0" hostname="DESKTOP-0CV2FCB" name="com.actitime.testscript.CustomerModule" tests="1" failures="0" timestamp="2021-08-21T12:21:42 IST" time="52.801" errors="0">
  <testcase name="testCreateCustomer" time="52.801" classname="com.actitime.testscript.CustomerModule"/>
  <system-out/>
</testsuite> <!-- com.actitime.testscript.CustomerModule -->
